18:51:56 **** Incremental Build of configuration Debug for project SEcubeDevBoard ****
make all 
Building file: C:/Users/vahid/Desktop/environment/Middlewares/ST/STM32_USB_Device_Library/Core/Src/usbd_core.c
Invoking: MCU GCC Compiler
arm-none-eabi-gcc -mcpu=cortex-m4 -mthumb -mfloat-abi=hard -mfpu=fpv4-sp-d16 -std=c99 -D__weak="__attribute__((weak))" -D__packed="__attribute__((__packed__))" -DUSE_HAL_DRIVER -DSTM32F429xx -I../../../Drivers/STM32F4xx_HAL_Driver/Inc -I../../../Drivers/STM32F4xx_HAL_Driver/Inc/Legacy -I../../../Middlewares/ST/STM32_USB_Device_Library/Core/Inc -I../../../Middlewares/ST/STM32_USB_Device_Library/Class/MSC/Inc -I../../../Drivers/CMSIS/Include -I../../../Drivers/CMSIS/Device/ST/STM32F4xx/Include -I../../../secube/src -I../../../secube/src/Common -I../../../secube/src/Device -O0 -g3 -Wall -fmessage-length=0 -ffunction-sections -c -fmessage-length=0 -MMD -MP -MF"Middlewares/USB_Device_Library/usbd_core.d" -MT"Middlewares/USB_Device_Library/usbd_core.o" -o "Middlewares/USB_Device_Library/usbd_core.o" "C:/Users/vahid/Desktop/environment/Middlewares/ST/STM32_USB_Device_Library/Core/Src/usbd_core.c"
Finished building: C:/Users/vahid/Desktop/environment/Middlewares/ST/STM32_USB_Device_Library/Core/Src/usbd_core.c
 
Building file: C:/Users/vahid/Desktop/environment/Middlewares/ST/STM32_USB_Device_Library/Core/Src/usbd_ctlreq.c
Invoking: MCU GCC Compiler
arm-none-eabi-gcc -mcpu=cortex-m4 -mthumb -mfloat-abi=hard -mfpu=fpv4-sp-d16 -std=c99 -D__weak="__attribute__((weak))" -D__packed="__attribute__((__packed__))" -DUSE_HAL_DRIVER -DSTM32F429xx -I../../../Drivers/STM32F4xx_HAL_Driver/Inc -I../../../Drivers/STM32F4xx_HAL_Driver/Inc/Legacy -I../../../Middlewares/ST/STM32_USB_Device_Library/Core/Inc -I../../../Middlewares/ST/STM32_USB_Device_Library/Class/MSC/Inc -I../../../Drivers/CMSIS/Include -I../../../Drivers/CMSIS/Device/ST/STM32F4xx/Include -I../../../secube/src -I../../../secube/src/Common -I../../../secube/src/Device -O0 -g3 -Wall -fmessage-length=0 -ffunction-sections -c -fmessage-length=0 -MMD -MP -MF"Middlewares/USB_Device_Library/usbd_ctlreq.d" -MT"Middlewares/USB_Device_Library/usbd_ctlreq.o" -o "Middlewares/USB_Device_Library/usbd_ctlreq.o" "C:/Users/vahid/Desktop/environment/Middlewares/ST/STM32_USB_Device_Library/Core/Src/usbd_ctlreq.c"
Finished building: C:/Users/vahid/Desktop/environment/Middlewares/ST/STM32_USB_Device_Library/Core/Src/usbd_ctlreq.c
 
Building file: C:/Users/vahid/Desktop/environment/Middlewares/ST/STM32_USB_Device_Library/Core/Src/usbd_ioreq.c
Invoking: MCU GCC Compiler
arm-none-eabi-gcc -mcpu=cortex-m4 -mthumb -mfloat-abi=hard -mfpu=fpv4-sp-d16 -std=c99 -D__weak="__attribute__((weak))" -D__packed="__attribute__((__packed__))" -DUSE_HAL_DRIVER -DSTM32F429xx -I../../../Drivers/STM32F4xx_HAL_Driver/Inc -I../../../Drivers/STM32F4xx_HAL_Driver/Inc/Legacy -I../../../Middlewares/ST/STM32_USB_Device_Library/Core/Inc -I../../../Middlewares/ST/STM32_USB_Device_Library/Class/MSC/Inc -I../../../Drivers/CMSIS/Include -I../../../Drivers/CMSIS/Device/ST/STM32F4xx/Include -I../../../secube/src -I../../../secube/src/Common -I../../../secube/src/Device -O0 -g3 -Wall -fmessage-length=0 -ffunction-sections -c -fmessage-length=0 -MMD -MP -MF"Middlewares/USB_Device_Library/usbd_ioreq.d" -MT"Middlewares/USB_Device_Library/usbd_ioreq.o" -o "Middlewares/USB_Device_Library/usbd_ioreq.o" "C:/Users/vahid/Desktop/environment/Middlewares/ST/STM32_USB_Device_Library/Core/Src/usbd_ioreq.c"
Finished building: C:/Users/vahid/Desktop/environment/Middlewares/ST/STM32_USB_Device_Library/Core/Src/usbd_ioreq.c
 
Building file: C:/Users/vahid/Desktop/environment/Middlewares/ST/STM32_USB_Device_Library/Class/MSC/Src/usbd_msc.c
Invoking: MCU GCC Compiler
arm-none-eabi-gcc -mcpu=cortex-m4 -mthumb -mfloat-abi=hard -mfpu=fpv4-sp-d16 -std=c99 -D__weak="__attribute__((weak))" -D__packed="__attribute__((__packed__))" -DUSE_HAL_DRIVER -DSTM32F429xx -I../../../Drivers/STM32F4xx_HAL_Driver/Inc -I../../../Drivers/STM32F4xx_HAL_Driver/Inc/Legacy -I../../../Middlewares/ST/STM32_USB_Device_Library/Core/Inc -I../../../Middlewares/ST/STM32_USB_Device_Library/Class/MSC/Inc -I../../../Drivers/CMSIS/Include -I../../../Drivers/CMSIS/Device/ST/STM32F4xx/Include -I../../../secube/src -I../../../secube/src/Common -I../../../secube/src/Device -O0 -g3 -Wall -fmessage-length=0 -ffunction-sections -c -fmessage-length=0 -MMD -MP -MF"Middlewares/USB_Device_Library/usbd_msc.d" -MT"Middlewares/USB_Device_Library/usbd_msc.o" -o "Middlewares/USB_Device_Library/usbd_msc.o" "C:/Users/vahid/Desktop/environment/Middlewares/ST/STM32_USB_Device_Library/Class/MSC/Src/usbd_msc.c"
Finished building: C:/Users/vahid/Desktop/environment/Middlewares/ST/STM32_USB_Device_Library/Class/MSC/Src/usbd_msc.c
 
Building file: C:/Users/vahid/Desktop/environment/Middlewares/ST/STM32_USB_Device_Library/Class/MSC/Src/usbd_msc_bot.c
Invoking: MCU GCC Compiler
arm-none-eabi-gcc -mcpu=cortex-m4 -mthumb -mfloat-abi=hard -mfpu=fpv4-sp-d16 -std=c99 -D__weak="__attribute__((weak))" -D__packed="__attribute__((__packed__))" -DUSE_HAL_DRIVER -DSTM32F429xx -I../../../Drivers/STM32F4xx_HAL_Driver/Inc -I../../../Drivers/STM32F4xx_HAL_Driver/Inc/Legacy -I../../../Middlewares/ST/STM32_USB_Device_Library/Core/Inc -I../../../Middlewares/ST/STM32_USB_Device_Library/Class/MSC/Inc -I../../../Drivers/CMSIS/Include -I../../../Drivers/CMSIS/Device/ST/STM32F4xx/Include -I../../../secube/src -I../../../secube/src/Common -I../../../secube/src/Device -O0 -g3 -Wall -fmessage-length=0 -ffunction-sections -c -fmessage-length=0 -MMD -MP -MF"Middlewares/USB_Device_Library/usbd_msc_bot.d" -MT"Middlewares/USB_Device_Library/usbd_msc_bot.o" -o "Middlewares/USB_Device_Library/usbd_msc_bot.o" "C:/Users/vahid/Desktop/environment/Middlewares/ST/STM32_USB_Device_Library/Class/MSC/Src/usbd_msc_bot.c"
Finished building: C:/Users/vahid/Desktop/environment/Middlewares/ST/STM32_USB_Device_Library/Class/MSC/Src/usbd_msc_bot.c
 
Building file: C:/Users/vahid/Desktop/environment/Middlewares/ST/STM32_USB_Device_Library/Class/MSC/Src/usbd_msc_data.c
Invoking: MCU GCC Compiler
arm-none-eabi-gcc -mcpu=cortex-m4 -mthumb -mfloat-abi=hard -mfpu=fpv4-sp-d16 -std=c99 -D__weak="__attribute__((weak))" -D__packed="__attribute__((__packed__))" -DUSE_HAL_DRIVER -DSTM32F429xx -I../../../Drivers/STM32F4xx_HAL_Driver/Inc -I../../../Drivers/STM32F4xx_HAL_Driver/Inc/Legacy -I../../../Middlewares/ST/STM32_USB_Device_Library/Core/Inc -I../../../Middlewares/ST/STM32_USB_Device_Library/Class/MSC/Inc -I../../../Drivers/CMSIS/Include -I../../../Drivers/CMSIS/Device/ST/STM32F4xx/Include -I../../../secube/src -I../../../secube/src/Common -I../../../secube/src/Device -O0 -g3 -Wall -fmessage-length=0 -ffunction-sections -c -fmessage-length=0 -MMD -MP -MF"Middlewares/USB_Device_Library/usbd_msc_data.d" -MT"Middlewares/USB_Device_Library/usbd_msc_data.o" -o "Middlewares/USB_Device_Library/usbd_msc_data.o" "C:/Users/vahid/Desktop/environment/Middlewares/ST/STM32_USB_Device_Library/Class/MSC/Src/usbd_msc_data.c"
Finished building: C:/Users/vahid/Desktop/environment/Middlewares/ST/STM32_USB_Device_Library/Class/MSC/Src/usbd_msc_data.c
 
Building file: C:/Users/vahid/Desktop/environment/Middlewares/ST/STM32_USB_Device_Library/Class/MSC/Src/usbd_msc_scsi.c
Invoking: MCU GCC Compiler
arm-none-eabi-gcc -mcpu=cortex-m4 -mthumb -mfloat-abi=hard -mfpu=fpv4-sp-d16 -std=c99 -D__weak="__attribute__((weak))" -D__packed="__attribute__((__packed__))" -DUSE_HAL_DRIVER -DSTM32F429xx -I../../../Drivers/STM32F4xx_HAL_Driver/Inc -I../../../Drivers/STM32F4xx_HAL_Driver/Inc/Legacy -I../../../Middlewares/ST/STM32_USB_Device_Library/Core/Inc -I../../../Middlewares/ST/STM32_USB_Device_Library/Class/MSC/Inc -I../../../Drivers/CMSIS/Include -I../../../Drivers/CMSIS/Device/ST/STM32F4xx/Include -I../../../secube/src -I../../../secube/src/Common -I../../../secube/src/Device -O0 -g3 -Wall -fmessage-length=0 -ffunction-sections -c -fmessage-length=0 -MMD -MP -MF"Middlewares/USB_Device_Library/usbd_msc_scsi.d" -MT"Middlewares/USB_Device_Library/usbd_msc_scsi.o" -o "Middlewares/USB_Device_Library/usbd_msc_scsi.o" "C:/Users/vahid/Desktop/environment/Middlewares/ST/STM32_USB_Device_Library/Class/MSC/Src/usbd_msc_scsi.c"
Finished building: C:/Users/vahid/Desktop/environment/Middlewares/ST/STM32_USB_Device_Library/Class/MSC/Src/usbd_msc_scsi.c
 
Building file: C:/Users/vahid/Desktop/environment/Drivers/STM32F4xx_HAL_Driver/Src/stm32f4xx_hal.c
Invoking: MCU GCC Compiler
arm-none-eabi-gcc -mcpu=cortex-m4 -mthumb -mfloat-abi=hard -mfpu=fpv4-sp-d16 -std=c99 -D__weak="__attribute__((weak))" -D__packed="__attribute__((__packed__))" -DUSE_HAL_DRIVER -DSTM32F429xx -I../../../Drivers/STM32F4xx_HAL_Driver/Inc -I../../../Drivers/STM32F4xx_HAL_Driver/Inc/Legacy -I../../../Middlewares/ST/STM32_USB_Device_Library/Core/Inc -I../../../Middlewares/ST/STM32_USB_Device_Library/Class/MSC/Inc -I../../../Drivers/CMSIS/Include -I../../../Drivers/CMSIS/Device/ST/STM32F4xx/Include -I../../../secube/src -I../../../secube/src/Common -I../../../secube/src/Device -O0 -g3 -Wall -fmessage-length=0 -ffunction-sections -c -fmessage-length=0 -MMD -MP -MF"Drivers/STM32F4xx_HAL_Driver/stm32f4xx_hal.d" -MT"Drivers/STM32F4xx_HAL_Driver/stm32f4xx_hal.o" -o "Drivers/STM32F4xx_HAL_Driver/stm32f4xx_hal.o" "C:/Users/vahid/Desktop/environment/Drivers/STM32F4xx_HAL_Driver/Src/stm32f4xx_hal.c"
Finished building: C:/Users/vahid/Desktop/environment/Drivers/STM32F4xx_HAL_Driver/Src/stm32f4xx_hal.c
 
Building file: C:/Users/vahid/Desktop/environment/Drivers/STM32F4xx_HAL_Driver/Src/stm32f4xx_hal_adc.c
Invoking: MCU GCC Compiler
arm-none-eabi-gcc -mcpu=cortex-m4 -mthumb -mfloat-abi=hard -mfpu=fpv4-sp-d16 -std=c99 -D__weak="__attribute__((weak))" -D__packed="__attribute__((__packed__))" -DUSE_HAL_DRIVER -DSTM32F429xx -I../../../Drivers/STM32F4xx_HAL_Driver/Inc -I../../../Drivers/STM32F4xx_HAL_Driver/Inc/Legacy -I../../../Middlewares/ST/STM32_USB_Device_Library/Core/Inc -I../../../Middlewares/ST/STM32_USB_Device_Library/Class/MSC/Inc -I../../../Drivers/CMSIS/Include -I../../../Drivers/CMSIS/Device/ST/STM32F4xx/Include -I../../../secube/src -I../../../secube/src/Common -I../../../secube/src/Device -O0 -g3 -Wall -fmessage-length=0 -ffunction-sections -c -fmessage-length=0 -MMD -MP -MF"Drivers/STM32F4xx_HAL_Driver/stm32f4xx_hal_adc.d" -MT"Drivers/STM32F4xx_HAL_Driver/stm32f4xx_hal_adc.o" -o "Drivers/STM32F4xx_HAL_Driver/stm32f4xx_hal_adc.o" "C:/Users/vahid/Desktop/environment/Drivers/STM32F4xx_HAL_Driver/Src/stm32f4xx_hal_adc.c"
Finished building: C:/Users/vahid/Desktop/environment/Drivers/STM32F4xx_HAL_Driver/Src/stm32f4xx_hal_adc.c
 
Building file: C:/Users/vahid/Desktop/environment/Drivers/STM32F4xx_HAL_Driver/Src/stm32f4xx_hal_adc_ex.c
Invoking: MCU GCC Compiler
arm-none-eabi-gcc -mcpu=cortex-m4 -mthumb -mfloat-abi=hard -mfpu=fpv4-sp-d16 -std=c99 -D__weak="__attribute__((weak))" -D__packed="__attribute__((__packed__))" -DUSE_HAL_DRIVER -DSTM32F429xx -I../../../Drivers/STM32F4xx_HAL_Driver/Inc -I../../../Drivers/STM32F4xx_HAL_Driver/Inc/Legacy -I../../../Middlewares/ST/STM32_USB_Device_Library/Core/Inc -I../../../Middlewares/ST/STM32_USB_Device_Library/Class/MSC/Inc -I../../../Drivers/CMSIS/Include -I../../../Drivers/CMSIS/Device/ST/STM32F4xx/Include -I../../../secube/src -I../../../secube/src/Common -I../../../secube/src/Device -O0 -g3 -Wall -fmessage-length=0 -ffunction-sections -c -fmessage-length=0 -MMD -MP -MF"Drivers/STM32F4xx_HAL_Driver/stm32f4xx_hal_adc_ex.d" -MT"Drivers/STM32F4xx_HAL_Driver/stm32f4xx_hal_adc_ex.o" -o "Drivers/STM32F4xx_HAL_Driver/stm32f4xx_hal_adc_ex.o" "C:/Users/vahid/Desktop/environment/Drivers/STM32F4xx_HAL_Driver/Src/stm32f4xx_hal_adc_ex.c"
Finished building: C:/Users/vahid/Desktop/environment/Drivers/STM32F4xx_HAL_Driver/Src/stm32f4xx_hal_adc_ex.c
 
Building file: C:/Users/vahid/Desktop/environment/Drivers/STM32F4xx_HAL_Driver/Src/stm32f4xx_hal_cortex.c
Invoking: MCU GCC Compiler
arm-none-eabi-gcc -mcpu=cortex-m4 -mthumb -mfloat-abi=hard -mfpu=fpv4-sp-d16 -std=c99 -D__weak="__attribute__((weak))" -D__packed="__attribute__((__packed__))" -DUSE_HAL_DRIVER -DSTM32F429xx -I../../../Drivers/STM32F4xx_HAL_Driver/Inc -I../../../Drivers/STM32F4xx_HAL_Driver/Inc/Legacy -I../../../Middlewares/ST/STM32_USB_Device_Library/Core/Inc -I../../../Middlewares/ST/STM32_USB_Device_Library/Class/MSC/Inc -I../../../Drivers/CMSIS/Include -I../../../Drivers/CMSIS/Device/ST/STM32F4xx/Include -I../../../secube/src -I../../../secube/src/Common -I../../../secube/src/Device -O0 -g3 -Wall -fmessage-length=0 -ffunction-sections -c -fmessage-length=0 -MMD -MP -MF"Drivers/STM32F4xx_HAL_Driver/stm32f4xx_hal_cortex.d" -MT"Drivers/STM32F4xx_HAL_Driver/stm32f4xx_hal_cortex.o" -o "Drivers/STM32F4xx_HAL_Driver/stm32f4xx_hal_cortex.o" "C:/Users/vahid/Desktop/environment/Drivers/STM32F4xx_HAL_Driver/Src/stm32f4xx_hal_cortex.c"
Finished building: C:/Users/vahid/Desktop/environment/Drivers/STM32F4xx_HAL_Driver/Src/stm32f4xx_hal_cortex.c
 
Building file: C:/Users/vahid/Desktop/environment/Drivers/STM32F4xx_HAL_Driver/Src/stm32f4xx_hal_crc.c
Invoking: MCU GCC Compiler
arm-none-eabi-gcc -mcpu=cortex-m4 -mthumb -mfloat-abi=hard -mfpu=fpv4-sp-d16 -std=c99 -D__weak="__attribute__((weak))" -D__packed="__attribute__((__packed__))" -DUSE_HAL_DRIVER -DSTM32F429xx -I../../../Drivers/STM32F4xx_HAL_Driver/Inc -I../../../Drivers/STM32F4xx_HAL_Driver/Inc/Legacy -I../../../Middlewares/ST/STM32_USB_Device_Library/Core/Inc -I../../../Middlewares/ST/STM32_USB_Device_Library/Class/MSC/Inc -I../../../Drivers/CMSIS/Include -I../../../Drivers/CMSIS/Device/ST/STM32F4xx/Include -I../../../secube/src -I../../../secube/src/Common -I../../../secube/src/Device -O0 -g3 -Wall -fmessage-length=0 -ffunction-sections -c -fmessage-length=0 -MMD -MP -MF"Drivers/STM32F4xx_HAL_Driver/stm32f4xx_hal_crc.d" -MT"Drivers/STM32F4xx_HAL_Driver/stm32f4xx_hal_crc.o" -o "Drivers/STM32F4xx_HAL_Driver/stm32f4xx_hal_crc.o" "C:/Users/vahid/Desktop/environment/Drivers/STM32F4xx_HAL_Driver/Src/stm32f4xx_hal_crc.c"
Finished building: C:/Users/vahid/Desktop/environment/Drivers/STM32F4xx_HAL_Driver/Src/stm32f4xx_hal_crc.c
 
Building file: C:/Users/vahid/Desktop/environment/Drivers/STM32F4xx_HAL_Driver/Src/stm32f4xx_hal_dma.c
Invoking: MCU GCC Compiler
arm-none-eabi-gcc -mcpu=cortex-m4 -mthumb -mfloat-abi=hard -mfpu=fpv4-sp-d16 -std=c99 -D__weak="__attribute__((weak))" -D__packed="__attribute__((__packed__))" -DUSE_HAL_DRIVER -DSTM32F429xx -I../../../Drivers/STM32F4xx_HAL_Driver/Inc -I../../../Drivers/STM32F4xx_HAL_Driver/Inc/Legacy -I../../../Middlewares/ST/STM32_USB_Device_Library/Core/Inc -I../../../Middlewares/ST/STM32_USB_Device_Library/Class/MSC/Inc -I../../../Drivers/CMSIS/Include -I../../../Drivers/CMSIS/Device/ST/STM32F4xx/Include -I../../../secube/src -I../../../secube/src/Common -I../../../secube/src/Device -O0 -g3 -Wall -fmessage-length=0 -ffunction-sections -c -fmessage-length=0 -MMD -MP -MF"Drivers/STM32F4xx_HAL_Driver/stm32f4xx_hal_dma.d" -MT"Drivers/STM32F4xx_HAL_Driver/stm32f4xx_hal_dma.o" -o "Drivers/STM32F4xx_HAL_Driver/stm32f4xx_hal_dma.o" "C:/Users/vahid/Desktop/environment/Drivers/STM32F4xx_HAL_Driver/Src/stm32f4xx_hal_dma.c"
Finished building: C:/Users/vahid/Desktop/environment/Drivers/STM32F4xx_HAL_Driver/Src/stm32f4xx_hal_dma.c
Command canceled

18:52:04 Build Cancelled (took 8s.54ms)

